<?xml version="1.0" encoding="UTF-8"?>
<!-- Generated by org.testng.reporters.JUnitXMLReporter -->
<testsuite ignored="0" hostname="DESKTOP-KOJOBGV" failures="1" tests="1" name="Test 3" time="7.516" errors="0" timestamp="2023-04-26T15:02:58 IST">
  <testcase classname="com.mohs10.scripts.pdf" name="PDFreports" time="7.205">
    <failure type="java.lang.IndexOutOfBoundsException" message="Index 2 out of bounds for length 1">
      <![CDATA[java.lang.IndexOutOfBoundsException: Index 2 out of bounds for length 1
at java.base/jdk.internal.util.Preconditions.outOfBounds(Preconditions.java:64)
at java.base/jdk.internal.util.Preconditions.outOfBoundsCheckIndex(Preconditions.java:70)
at java.base/jdk.internal.util.Preconditions.checkIndex(Preconditions.java:266)
at java.base/java.util.Objects.checkIndex(Objects.java:359)
at java.base/java.util.ArrayList.get(ArrayList.java:427)
at com.mohs10.scripts.pdf.PDFreports(pdf.java:93)
at java.base/java.util.ArrayList.forEach(ArrayList.java:1511)
... Removed 27 stack frames]]>
    </failure>
  </testcase> <!-- PDFreports -->
</testsuite> <!-- Test 3 -->
