<?xml version="1.0" encoding="UTF-8"?>
<testng-results ignored="0" total="3" passed="3" failed="0" skipped="0">
  <reporter-output>
  </reporter-output>
  <suite started-at="2023-06-22T16:02:58 IST" name="Suite" finished-at="2023-06-22T16:04:03 IST" duration-ms="64700">
    <groups>
    </groups>
    <test started-at="2023-06-22T16:02:58 IST" name="Test1" finished-at="2023-06-22T16:03:56 IST" duration-ms="58057">
      <class name="com.mohs10.scripts.pdf">
        <test-method is-config="true" signature="generateReport()[pri:0, instance:com.mohs10.scripts.pdf@459e9125]" started-at="2023-06-22T16:02:58 IST" name="generateReport" finished-at="2023-06-22T16:02:59 IST" duration-ms="420" status="PASS">
          <reporter-output>
          </reporter-output>
        </test-method> <!-- generateReport -->
        <test-method is-config="true" signature="beforeClass()[pri:0, instance:com.mohs10.scripts.pdf@459e9125]" started-at="2023-06-22T16:03:48 IST" name="beforeClass" finished-at="2023-06-22T16:03:52 IST" duration-ms="3344" status="PASS">
          <reporter-output>
          </reporter-output>
        </test-method> <!-- beforeClass -->
        <test-method is-config="true" signature="methodName(java.lang.reflect.Method)[pri:0, instance:com.mohs10.scripts.pdf@459e9125]" started-at="2023-06-22T16:03:52 IST" name="methodName" finished-at="2023-06-22T16:03:52 IST" duration-ms="0" status="PASS">
          <params>
            <param index="0">
              <value>
                <![CDATA[public void com.mohs10.scripts.pdf.PDFreports() throws java.io.IOException,java.lang.InterruptedException]]>
              </value>
            </param>
          </params>
          <reporter-output>
          </reporter-output>
        </test-method> <!-- methodName -->
        <test-method signature="PDFreports()[pri:0, instance:com.mohs10.scripts.pdf@459e9125]" started-at="2023-06-22T16:03:52 IST" name="PDFreports" finished-at="2023-06-22T16:03:56 IST" duration-ms="4398" status="PASS">
          <reporter-output>
          </reporter-output>
        </test-method> <!-- PDFreports -->
        <test-method is-config="true" signature="afterClass()[pri:0, instance:com.mohs10.scripts.pdf@459e9125]" started-at="2023-06-22T16:03:56 IST" name="afterClass" finished-at="2023-06-22T16:03:56 IST" duration-ms="68" status="PASS">
          <reporter-output>
          </reporter-output>
        </test-method> <!-- afterClass -->
      </class> <!-- com.mohs10.scripts.pdf -->
      <class name="com.mohs10.scripts.HomeTest">
        <test-method is-config="true" signature="generateReport()[pri:0, instance:com.mohs10.scripts.HomeTest@4562e04d]" started-at="2023-06-22T16:02:59 IST" name="generateReport" finished-at="2023-06-22T16:02:59 IST" duration-ms="1" status="PASS">
          <reporter-output>
          </reporter-output>
        </test-method> <!-- generateReport -->
        <test-method is-config="true" signature="methodName(java.lang.reflect.Method)[pri:0, instance:com.mohs10.scripts.HomeTest@4562e04d]" started-at="2023-06-22T16:02:59 IST" name="methodName" finished-at="2023-06-22T16:02:59 IST" duration-ms="4" status="PASS">
          <params>
            <param index="0">
              <value>
                <![CDATA[public void com.mohs10.scripts.HomeTest.LoginTestCase3() throws java.lang.Exception]]>
              </value>
            </param>
          </params>
          <reporter-output>
          </reporter-output>
        </test-method> <!-- methodName -->
        <test-method signature="LoginTestCase3()[pri:0, instance:com.mohs10.scripts.HomeTest@4562e04d]" started-at="2023-06-22T16:02:59 IST" name="LoginTestCase3" finished-at="2023-06-22T16:03:46 IST" duration-ms="47429" status="PASS">
          <reporter-output>
          </reporter-output>
        </test-method> <!-- LoginTestCase3 -->
        <test-method is-config="true" signature="afterClass()[pri:0, instance:com.mohs10.scripts.HomeTest@4562e04d]" started-at="2023-06-22T16:03:46 IST" name="afterClass" finished-at="2023-06-22T16:03:48 IST" duration-ms="2341" status="PASS">
          <reporter-output>
          </reporter-output>
        </test-method> <!-- afterClass -->
      </class> <!-- com.mohs10.scripts.HomeTest -->
    </test> <!-- Test1 -->
    <test started-at="2023-06-22T16:03:56 IST" name="Test2" finished-at="2023-06-22T16:04:03 IST" duration-ms="6603">
      <class name="com.mohs10.scripts.pdf">
        <test-method is-config="true" signature="generateReport()[pri:0, instance:com.mohs10.scripts.pdf@702657cc]" started-at="2023-06-22T16:03:56 IST" name="generateReport" finished-at="2023-06-22T16:03:56 IST" duration-ms="1" status="PASS">
          <reporter-output>
          </reporter-output>
        </test-method> <!-- generateReport -->
        <test-method is-config="true" signature="beforeClass()[pri:0, instance:com.mohs10.scripts.pdf@702657cc]" started-at="2023-06-22T16:03:56 IST" name="beforeClass" finished-at="2023-06-22T16:03:59 IST" duration-ms="2675" status="PASS">
          <reporter-output>
          </reporter-output>
        </test-method> <!-- beforeClass -->
        <test-method is-config="true" signature="methodName(java.lang.reflect.Method)[pri:0, instance:com.mohs10.scripts.pdf@702657cc]" started-at="2023-06-22T16:03:59 IST" name="methodName" finished-at="2023-06-22T16:03:59 IST" duration-ms="1" status="PASS">
          <params>
            <param index="0">
              <value>
                <![CDATA[public void com.mohs10.scripts.pdf.PDFreports() throws java.io.IOException,java.lang.InterruptedException]]>
              </value>
            </param>
          </params>
          <reporter-output>
          </reporter-output>
        </test-method> <!-- methodName -->
        <test-method signature="PDFreports()[pri:0, instance:com.mohs10.scripts.pdf@702657cc]" started-at="2023-06-22T16:03:59 IST" name="PDFreports" finished-at="2023-06-22T16:04:03 IST" duration-ms="3872" status="PASS">
          <reporter-output>
          </reporter-output>
        </test-method> <!-- PDFreports -->
        <test-method is-config="true" signature="afterClass()[pri:0, instance:com.mohs10.scripts.pdf@702657cc]" started-at="2023-06-22T16:04:03 IST" name="afterClass" finished-at="2023-06-22T16:04:03 IST" duration-ms="51" status="PASS">
          <reporter-output>
          </reporter-output>
        </test-method> <!-- afterClass -->
      </class> <!-- com.mohs10.scripts.pdf -->
    </test> <!-- Test2 -->
  </suite> <!-- Suite -->
</testng-results>
